#-----------------------------------------------------------
# Vivado v2017.4 (64-bit)
# SW Build 2086221 on Fri Dec 15 20:55:39 MST 2017
# IP Build 2085800 on Fri Dec 15 22:25:07 MST 2017
# Start of session at: Wed May 18 20:04:16 2022
# Process ID: 27108
# Current directory: D:/VivadoProCS202/CPU
# Command line: vivado.exe -gui_launcher_event rodinguilauncherevent13576 D:\VivadoProCS202\CPU\CPU.xpr
# Log file: D:/VivadoProCS202/CPU/vivado.log
# Journal file: D:/VivadoProCS202/CPU\vivado.jou
#-----------------------------------------------------------
start_gui
open_project D:/VivadoProCS202/CPU/CPU.xpr
INFO: [Project 1-313] Project file moved from 'D:/VivadoProCS202/CPU/CPU' since last save.
Scanning sources...
Finished scanning sources
INFO: [IP_Flow 19-234] Refreshing IP repositories
INFO: [IP_Flow 19-1704] No user IP repositories specified
INFO: [IP_Flow 19-2313] Loaded Vivado IP repository 'D:/software/vivado/download/Vivado/2017.4/data/ip'.
open_project: Time (s): cpu = 00:00:15 ; elapsed = 00:00:05 . Memory (MB): peak = 779.125 ; gain = 84.898
update_compile_order -fileset sources_1
update_compile_order -fileset sources_1
update_compile_order -fileset sources_1
update_compile_order -fileset sources_1
update_compile_order -fileset sources_1
update_compile_order -fileset sources_1
exit
INFO: [Common 17-206] Exiting Vivado at Wed May 18 21:43:39 2022...
