#-----------------------------------------------------------
# Vivado v2017.4 (64-bit)
# SW Build 2086221 on Fri Dec 15 20:55:39 MST 2017
# IP Build 2085800 on Fri Dec 15 22:25:07 MST 2017
# Start of session at: Sat May 21 00:26:40 2022
# Process ID: 10528
# Current directory: D:/VivadoProCS202/CPU
# Command line: vivado.exe -gui_launcher_event rodinguilauncherevent22428 D:\VivadoProCS202\CPU\CPU.xpr
# Log file: D:/VivadoProCS202/CPU/vivado.log
# Journal file: D:/VivadoProCS202/CPU\vivado.jou
#-----------------------------------------------------------
start_gui
open_project D:/VivadoProCS202/CPU/CPU.xpr
Scanning sources...
Finished scanning sources
INFO: [IP_Flow 19-234] Refreshing IP repositories
INFO: [IP_Flow 19-1700] Loaded user IP repository 'd:/VivadoProCS202/CPU/SEU_CSE_507_user_uart_bmpg_1.3'.
INFO: [IP_Flow 19-2313] Loaded Vivado IP repository 'D:/software/vivado/download/Vivado/2017.4/data/ip'.
open_project: Time (s): cpu = 00:00:15 ; elapsed = 00:00:07 . Memory (MB): peak = 789.133 ; gain = 66.262
update_compile_order -fileset sources_1
exit
INFO: [Common 17-206] Exiting Vivaclose [ open D:/VivadoProCS202/CPU/CPU.srcs/sources_1/new/stage_control.v w ]
add_files D:/VivadoProCS202/CPU/CPU.srcs/sources_1/new/stage_control.v
update_compile_order -fileset sources_1
update_compile_order -fileset sources_1
update_compile_order -fileset sources_1
reset_run synth_1
launch_runs synth_1 -jobs 6
[Sat May 21 01:01:03 2022] Launched synth_1...
Run output will be captured here: D:/VivadoProCS202/CPU/CPU.runs/synth_1/runme.log
launch_runs impl_1 -jobs 6
[Sat May 21 01:03:10 2022] Launched impl_1...
Run output will be captured here: D:/VivadoProCS202/CPU/CPU.runs/impl_1/runme.log
reset_run synth_1
launch_runs synth_1 -jobs 6
[Sat May 21 01:09:05 2022] Launched synth_1...
Run output will be captured here: D:/VivadoProCS202/CPU/CPU.runs/synth_1/runme.log
launch_runs impl_1 -jobs 6
[Sat May 21 01:11:58 2022] Launched impl_1...
Run output will be captured here: D:/VivadoProCS202/CPU/CPU.runs/impl_1/runme.log
exit
INFO: [Common 17-206] Exiting Vivado at Sat May 21 01:18:18 2022...
