#-----------------------------------------------------------
# Vivado v2017.4 (64-bit)
# SW Build 2086221 on Fri Dec 15 20:55:39 MST 2017
# IP Build 2085800 on Fri Dec 15 22:25:07 MST 2017
# Start of session at: Fri May 20 12:51:34 2022
# Process ID: 26300
# Current directory: D:/VivadoProCS202/CPU
# Command line: vivado.exe -gui_launcher_event rodinguilauncherevent14708 D:\VivadoProCS202\CPU\CPU.xpr
# Log file: D:/VivadoProCS202/CPU/vivado.log
# Journal file: D:/VivadoProCS202/CPU\vivado.jou
#-----------------------------------------------------------
start_gui
open_project D:/VivadoProCS202/CPU/CPU.xpr
Scanning sources...
Finished scanning sources
INFO: [IP_Flow 19-234] Refreshing IP repositories
INFO: [IP_Flow 19-1700] Loaded user IP repository 'd:/VivadoProCS202/CPU/SEU_CSE_507_user_uart_bmpg_1.3'.
INFO: [IP_Flow 19-2313] Loaded Vivado IP repository 'D:/software/vivado/download/Vivado/2017.4/data/ip'.
open_project: Time (s): cpu = 00:00:20 ; elapsed = 00:00:09 . Memory (MB): peak = 790.832 ; gain = 69.133
update_compile_order -fileset sources_1
INFO: [Device 21-403] Loading part xc7a100tfgg484-1
WARNING: [IP_Flow 19-4067] Ignoring invalid widget type specified checkbox.Providing a default widget
WARNING: [IP_Flow 19-4067] Ignoring invalid widget type specified checkbox.Providing a default widget
WARNING: [IP_Flow 19-4067] Ignoring invalid widget type specified checkbox.Providing a default widget
WARNING: [IP_Flow 19-4067] Ignoring invalid widget type specified checkbox.Providing a default widget
WARNING: [IP_Flow 19-4067] Ignoring invalid widget type specified checkbox.Providing a default widget
WARNING: [IP_Flow 19-4067] Ignoring invalid widget type specified checkbox.Providing a default widget
WARNING: [IP_Flow 19-4067] Ignoring invalid widget type specified checkbox.Providing a default widget
WARNING: [IP_Flow 19-4067] Ignoring invalid widget type specified checkbox.Providing a default widget
set_property -dict [list CONFIG.Memory_Type {Single_Port_RAM} CONFIG.Register_PortA_Output_of_Memory_Primitives {false} CONFIG.Port_A_Write_Rate {50}] [get_ips prgrom]
generate_target all [get_files  D:/VivadoProCS202/CPU/CPU.srcs/sources_1/ip/prgrom/prgrom.xci]
INFO: [IP_Flow 19-1686] Generating 'Instantiation Template' target for IP 'prgrom'...
INFO: [IP_Flow 19-1686] Generating 'Synthesis' target for IP 'prgrom'...
INFO: [IP_Flow 19-1686] Generating 'Simulation' target for IP 'prgrom'...
INFO: [IP_Flow 19-1686] Generating 'Miscellaneous' target for IP 'prgrom'...
INFO: [IP_Flow 19-1686] Generating 'Change Log' target for IP 'prgrom'...
catch { config_ip_cache -export [get_ips -all prgrom] }
export_ip_user_files -of_objects [get_files D:/VivadoProCS202/CPU/CPU.srcs/sources_1/ip/prgrom/prgrom.xci] -no_script -sync -force -quiet
reset_run prgrom_synth_1
launch_runs -jobs 4 prgrom_synth_1
[Fri May 20 14:56:17 2022] Launched prgrom_synth_1...
Run output will be captured here: D:/VivadoProCS202/CPU/CPU.runs/prgrom_synth_1/runme.log
export_simulation -of_objects [get_files D:/VivadoProCS202/CPU/CPU.srcs/sources_1/ip/prgrom/prgrom.xci] -directory D:/VivadoProCS202/CPU/CPU.ip_user_files/sim_scripts -ip_user_files_dir D:/VivadoProCS202/CPU/CPU.ip_user_files -ipstatic_source_dir D:/VivadoProCS202/CPU/CPU.ip_user_files/ipstatic -lib_map_path [list {modelsim=D:/VivadoProCS202/CPU/CPU.cache/compile_simlib/modelsim} {questa=D:/VivadoProCS202/CPU/CPU.cache/compile_simlib/questa} {riviera=D:/VivadoProCS202/CPU/CPU.cache/compile_simlib/riviera} {activehdl=D:/VivadoProCS202/CPU/CPU.cache/compile_simlib/activehdl}] -use_ip_compiled_libs -force -quiet
WARNING: [IP_Flow 19-4067] Ignoring invalid widget type specified checkbox.Providing a default widget
WARNING: [IP_Flow 19-4067] Ignoring invalid widget type specified checkbox.Providing a default widget
WARNING: [IP_Flow 19-4067] Ignoring invalid widget type specified checkbox.Providing a default widget
WARNING: [IP_Flow 19-4067] Ignoring invalid widget type specified checkbox.Providing a default widget
exit
INFO: [Common 17-206] Exiting Vivado at Fri May 20 15:24:52 2022...
