#-----------------------------------------------------------
# Vivado v2017.4 (64-bit)
# SW Build 2086221 on Fri Dec 15 20:55:39 MST 2017
# IP Build 2085800 on Fri Dec 15 22:25:07 MST 2017
# Start of session at: Sun May 22 23:00:59 2022
# Process ID: 17896
# Current directory: D:/VivadoProCS202/CPU2/cpu_temp
# Command line: vivado.exe -gui_launcher_event rodinguilauncherevent22256 D:\VivadoProCS202\CPU2\cpu_temp\CPU.xpr
# Log file: D:/VivadoProCS202/CPU2/cpu_temp/vivado.log
# Journal file: D:/VivadoProCS202/CPU2/cpu_temp\vivado.jou
#-----------------------------------------------------------
start_gui
open_project D:/VivadoProCS202/CPU2/cpu_temp/CPU.xpr
INFO: [Project 1-313] Project file moved from 'D:/VivadoProCS202/CPU' since last save.
Scanning sources...
Finished scanning sources
INFO: [IP_Flow 19-234] Refreshing IP repositories
INFO: [IP_Flow 19-1700] Loaded user IP repository 'd:/VivadoProCS202/CPU2/cpu_temp/SEU_CSE_507_user_uart_bmpg_1.3'.
INFO: [IP_Flow 19-2313] Loaded Vivado IP repository 'D:/software/vivado/download/Vivado/2017.4/data/ip'.
open_project: Time (s): cpu = 00:00:15 ; elapsed = 00:00:06 . Memory (MB): peak = 795.035 ; gain = 39.695
update_compile_order -fileset sources_1
export_ip_user_files -of_objects  [get_files D:/VivadoProCS202/CPU2/cpu_temp/CPU.srcs/sources_1/new/frequency_20M.v] -no_script -reset -force -quiet
remove_files  D:/VivadoProCS202/CPU2/cpu_temp/CPU.srcs/sources_1/new/frequency_20M.v
create_ip -name clk_wiz -vendor xilinx.com -library ip -version 5.4 -module_name cpuclk -dir d:/VivadoProCS202/CPU2/cpu_temp/CPU.srcs/sources_1/ip
set_property -dict [list CONFIG.Component_Name {cpuclk} CONFIG.PRIMITIVE {PLL} CONFIG.PRIM_SOURCE {Global_buffer} CONFIG.CLKOUT1_REQUESTED_OUT_FREQ {23.000} CONFIG.USE_LOCKED {false} CONFIG.USE_RESET {false} CONFIG.CLKOUT1_DRIVES {BUFG} CONFIG.CLKOUT2_DRIVES {BUFG} CONFIG.CLKOUT3_DRIVES {BUFG} CONFIG.CLKOUT4_DRIVES {BUFG} CONFIG.CLKOUT5_DRIVES {BUFG} CONFIG.CLKOUT6_DRIVES {BUFG} CONFIG.CLKOUT7_DRIVES {BUFG} CONFIG.MMCM_DIVCLK_DIVIDE {5} CONFIG.MMCM_CLKFBOUT_MULT_F {46} CONFIG.MMCM_COMPENSATION {ZHOLD} CONFIG.MMCM_CLKOUT0_DIVIDE_F {40} CONFIG.CLKOUT1_JITTER {342.117} CONFIG.CLKOUT1_PHASE_ERROR {303.235}] [get_ips cpuclk]
WARNING: [Vivado 12-3523] Attempt to change 'Component_Name' from 'cpuclk' to 'cpuclk' is not allowed and is ignored.
generate_target {instantiation_template} [get_files d:/VivadoProCS202/CPU2/cpu_temp/CPU.srcs/sources_1/ip/cpuclk/cpuclk.xci]
INFO: [IP_Flow 19-1686] Generating 'Instantiation Template' target for IP 'cpuclk'...
generate_target all [get_files  d:/VivadoProCS202/CPU2/cpu_temp/CPU.srcs/sources_1/ip/cpuclk/cpuclk.xci]
INFO: [IP_Flow 19-1686] Generating 'Synthesis' target for IP 'cpuclk'...
INFO: [IP_Flow 19-1686] Generating 'Simulation' target for IP 'cpuclk'...
INFO: [IP_Flow 19-1686] Generating 'Implementation' target for IP 'cpuclk'...
INFO: [IP_Flow 19-1686] Generating 'Change Log' target for IP 'cpuclk'...
catch { config_ip_cache -export [get_ips -all cpuclk] }
export_ip_user_files -of_objects [get_files d:/VivadoProCS202/CPU2/cpu_temp/CPU.srcs/sources_1/ip/cpuclk/cpuclk.xci] -no_script -sync -force -quiet
create_ip_run [get_files -of_objects [get_fileset sources_1] d:/VivadoProCS202/CPU2/cpu_temp/CPU.srcs/sources_1/ip/cpuclk/cpuclk.xci]
launch_runs -jobs 6 cpuclk_synth_1
[Sun May 22 23:08:29 2022] Launched cpuclk_synth_1...
Run output will be captured here: D:/VivadoProCS202/CPU2/cpu_temp/CPU.runs/cpuclk_synth_1/runme.log
export_simulation -of_objects [get_files d:/VivadoProCS202/CPU2/cpu_temp/CPU.srcs/sources_1/ip/cpuclk/cpuclk.xci] -directory D:/VivadoProCS202/CPU2/cpu_temp/CPU.ip_user_files/sim_scripts -ip_user_files_dir D:/VivadoProCS202/CPU2/cpu_temp/CPU.ip_user_files -ipstatic_source_dir D:/VivadoProCS202/CPU2/cpu_temp/CPU.ip_user_files/ipstatic -lib_map_path [list {modelsim=D:/VivadoProCS202/CPU2/cpu_temp/CPU.cache/compile_simlib/modelsim} {questa=D:/VivadoProCS202/CPU2/cpu_temp/CPU.cache/compile_simlib/questa} {riviera=D:/VivadoProCS202/CPU2/cpu_temp/CPU.cache/compile_simlib/riviera} {activehdl=D:/VivadoProCS202/CPU2/cpu_temp/CPU.cache/compile_simlib/activehdl}] -use_ip_compiled_libs -force -quiet
