Copyright 1986-2017 Xilinx, Inc. All Rights Reserved.
--------------------------------------------------------------------------------------------------------------------------------------------------------
| Tool Version : Vivado v.2017.4 (win64) Build 2086221 Fri Dec 15 20:55:39 MST 2017
| Date         : Thu May 19 21:50:58 2022
| Host         : LAPTOP-8IF7AABH running 64-bit major release  (build 9200)
| Command      : report_methodology -file cputop_methodology_drc_routed.rpt -pb cputop_methodology_drc_routed.pb -rpx cputop_methodology_drc_routed.rpx
| Design       : cputop
| Device       : xc7a100tfgg484-1
| Speed File   : -1
| Design State : Routed
--------------------------------------------------------------------------------------------------------------------------------------------------------

Report Methodology

Table of Contents
-----------------
1. REPORT SUMMARY
2. REPORT DETAILS

1. REPORT SUMMARY
-----------------
            Netlist: netlist
          Floorplan: design_1
      Design limits: <entire design considered>
             Max violations: <unlimited>
             Violations found: 24
+-----------+----------+-------------------+------------+
| Rule      | Severity | Description       | Violations |
+-----------+----------+-------------------+------------+
| TIMING-20 | Warning  | Non-clocked latch | 24         |
+-----------+----------+-------------------+------------+

2. REPORT DETAILS
-----------------
TIMING-20#1 Warning
Non-clocked latch  
The latch memOrio/write_data_reg[0] cannot be properly analyzed as its control pin memOrio/write_data_reg[0]/G is not reached by a timing clock
Related violations: <none>

TIMING-20#2 Warning
Non-clocked latch  
The latch memOrio/write_data_reg[10] cannot be properly analyzed as its control pin memOrio/write_data_reg[10]/G is not reached by a timing clock
Related violations: <none>

TIMING-20#3 Warning
Non-clocked latch  
The latch memOrio/write_data_reg[11] cannot be properly analyzed as its control pin memOrio/write_data_reg[11]/G is not reached by a timing clock
Related violations: <none>

TIMING-20#4 Warning
Non-clocked latch  
The latch memOrio/write_data_reg[12] cannot be properly analyzed as its control pin memOrio/write_data_reg[12]/G is not reached by a timing clock
Related violations: <none>

TIMING-20#5 Warning
Non-clocked latch  
The latch memOrio/write_data_reg[13] cannot be properly analyzed as its control pin memOrio/write_data_reg[13]/G is not reached by a timing clock
Related violations: <none>

TIMING-20#6 Warning
Non-clocked latch  
The latch memOrio/write_data_reg[14] cannot be properly analyzed as its control pin memOrio/write_data_reg[14]/G is not reached by a timing clock
Related violations: <none>

TIMING-20#7 Warning
Non-clocked latch  
The latch memOrio/write_data_reg[15] cannot be properly analyzed as its control pin memOrio/write_data_reg[15]/G is not reached by a timing clock
Related violations: <none>

TIMING-20#8 Warning
Non-clocked latch  
The latch memOrio/write_data_reg[16] cannot be properly analyzed as its control pin memOrio/write_data_reg[16]/G is not reached by a timing clock
Related violations: <none>

TIMING-20#9 Warning
Non-clocked latch  
The latch memOrio/write_data_reg[17] cannot be properly analyzed as its control pin memOrio/write_data_reg[17]/G is not reached by a timing clock
Related violations: <none>

TIMING-20#10 Warning
Non-clocked latch  
The latch memOrio/write_data_reg[18] cannot be properly analyzed as its control pin memOrio/write_data_reg[18]/G is not reached by a timing clock
Related violations: <none>

TIMING-20#11 Warning
Non-clocked latch  
The latch memOrio/write_data_reg[19] cannot be properly analyzed as its control pin memOrio/write_data_reg[19]/G is not reached by a timing clock
Related violations: <none>

TIMING-20#12 Warning
Non-clocked latch  
The latch memOrio/write_data_reg[1] cannot be properly analyzed as its control pin memOrio/write_data_reg[1]/G is not reached by a timing clock
Related violations: <none>

TIMING-20#13 Warning
Non-clocked latch  
The latch memOrio/write_data_reg[20] cannot be properly analyzed as its control pin memOrio/write_data_reg[20]/G is not reached by a timing clock
Related violations: <none>

TIMING-20#14 Warning
Non-clocked latch  
The latch memOrio/write_data_reg[21] cannot be properly analyzed as its control pin memOrio/write_data_reg[21]/G is not reached by a timing clock
Related violations: <none>

TIMING-20#15 Warning
Non-clocked latch  
The latch memOrio/write_data_reg[22] cannot be properly analyzed as its control pin memOrio/write_data_reg[22]/G is not reached by a timing clock
Related violations: <none>

TIMING-20#16 Warning
Non-clocked latch  
The latch memOrio/write_data_reg[23] cannot be properly analyzed as its control pin memOrio/write_data_reg[23]/G is not reached by a timing clock
Related violations: <none>

TIMING-20#17 Warning
Non-clocked latch  
The latch memOrio/write_data_reg[2] cannot be properly analyzed as its control pin memOrio/write_data_reg[2]/G is not reached by a timing clock
Related violations: <none>

TIMING-20#18 Warning
Non-clocked latch  
The latch memOrio/write_data_reg[3] cannot be properly analyzed as its control pin memOrio/write_data_reg[3]/G is not reached by a timing clock
Related violations: <none>

TIMING-20#19 Warning
Non-clocked latch  
The latch memOrio/write_data_reg[4] cannot be properly analyzed as its control pin memOrio/write_data_reg[4]/G is not reached by a timing clock
Related violations: <none>

TIMING-20#20 Warning
Non-clocked latch  
The latch memOrio/write_data_reg[5] cannot be properly analyzed as its control pin memOrio/write_data_reg[5]/G is not reached by a timing clock
Related violations: <none>

TIMING-20#21 Warning
Non-clocked latch  
The latch memOrio/write_data_reg[6] cannot be properly analyzed as its control pin memOrio/write_data_reg[6]/G is not reached by a timing clock
Related violations: <none>

TIMING-20#22 Warning
Non-clocked latch  
The latch memOrio/write_data_reg[7] cannot be properly analyzed as its control pin memOrio/write_data_reg[7]/G is not reached by a timing clock
Related violations: <none>

TIMING-20#23 Warning
Non-clocked latch  
The latch memOrio/write_data_reg[8] cannot be properly analyzed as its control pin memOrio/write_data_reg[8]/G is not reached by a timing clock
Related violations: <none>

TIMING-20#24 Warning
Non-clocked latch  
The latch memOrio/write_data_reg[9] cannot be properly analyzed as its control pin memOrio/write_data_reg[9]/G is not reached by a timing clock
Related violations: <none>


